E:\NU-SMESTER- 3\COMP-PROGRAMMING\CP PROG\CHESS\CHESS\DEBUG\MAIN.OBJ
E:\NU-SMESTER- 3\COMP-PROGRAMMING\CP PROG\CHESS\CHESS\DEBUG\VC110.PDB
E:\NU-SMESTER- 3\COMP-PROGRAMMING\CP PROG\CHESS\DEBUG\CHESS.ILK
E:\NU-SMESTER- 3\COMP-PROGRAMMING\CP PROG\CHESS\DEBUG\CHESS.EXE
E:\NU-SMESTER- 3\COMP-PROGRAMMING\CP PROG\CHESS\DEBUG\CHESS.PDB
E:\NU-Smester- 3\Comp-Programming\Cp Prog\chess\chess\Debug\main.obj
E:\NU-Smester- 3\Comp-Programming\Cp Prog\chess\chess\Debug\cl.command.1.tlog
E:\NU-Smester- 3\Comp-Programming\Cp Prog\chess\chess\Debug\CL.read.1.tlog
E:\NU-Smester- 3\Comp-Programming\Cp Prog\chess\chess\Debug\CL.write.1.tlog
E:\NU-Smester- 3\Comp-Programming\Cp Prog\chess\chess\Debug\link-cvtres.read.1.tlog
E:\NU-Smester- 3\Comp-Programming\Cp Prog\chess\chess\Debug\link-cvtres.write.1.tlog
E:\NU-Smester- 3\Comp-Programming\Cp Prog\chess\chess\Debug\link-rc.read.1.tlog
E:\NU-Smester- 3\Comp-Programming\Cp Prog\chess\chess\Debug\link-rc.write.1.tlog
E:\NU-Smester- 3\Comp-Programming\Cp Prog\chess\chess\Debug\link.command.1.tlog
E:\NU-Smester- 3\Comp-Programming\Cp Prog\chess\chess\Debug\link.read.1.tlog
E:\NU-Smester- 3\Comp-Programming\Cp Prog\chess\chess\Debug\link.write.1.tlog
E:\NU-Smester- 3\Comp-Programming\Cp Prog\chess\chess\Debug\vc110.idb
E:\NU-Smester- 3\Comp-Programming\Cp Prog\chess\chess\Debug\vc110.pdb
E:\NU-Smester- 3\Comp-Programming\Cp Prog\chess\Debug\chess.pdb
E:\NU-Smester- 3\Comp-Programming\Cp Prog\chess\Debug\chess.exe
E:\NU-Smester- 3\Comp-Programming\Cp Prog\chess\Debug\chess.ilk
